<?xml version="1.0" encoding="UTF-8"?>
<testng-results ignored="0" total="1" passed="1" failed="0" skipped="0">
  <reporter-output>
  </reporter-output>
  <suite started-at="2023-09-18T12:18:32 IST" name="Default Suite" finished-at="2023-09-18T12:19:03 IST" duration-ms="30925">
    <groups>
    </groups>
    <test started-at="2023-09-18T12:18:32 IST" name="POC" finished-at="2023-09-18T12:19:03 IST" duration-ms="30925">
      <class name="testCases.TC001">
        <test-method is-config="true" signature="startAppiumServer()[pri:0, instance:testCases.TC001@23282c25]" started-at="2023-09-18T12:18:32 IST" name="startAppiumServer" finished-at="2023-09-18T12:18:52 IST" duration-ms="20486" status="PASS">
          <reporter-output>
          </reporter-output>
        </test-method> <!-- startAppiumServer -->
        <test-method is-config="true" signature="init()[pri:0, instance:testCases.TC001@23282c25]" started-at="2023-09-18T12:18:52 IST" name="init" finished-at="2023-09-18T12:18:52 IST" duration-ms="30" status="PASS">
          <reporter-output>
          </reporter-output>
        </test-method> <!-- init -->
        <test-method signature="testToogleButton()[pri:0, instance:testCases.TC001@23282c25]" started-at="2023-09-18T12:18:52 IST" name="testToogleButton" finished-at="2023-09-18T12:18:57 IST" duration-ms="4512" status="PASS">
          <reporter-output>
          </reporter-output>
        </test-method> <!-- testToogleButton -->
        <test-method is-config="true" signature="tearDown()[pri:0, instance:testCases.TC001@23282c25]" started-at="2023-09-18T12:18:57 IST" name="tearDown" finished-at="2023-09-18T12:19:03 IST" duration-ms="5849" status="PASS">
          <reporter-output>
          </reporter-output>
        </test-method> <!-- tearDown -->
      </class> <!-- testCases.TC001 -->
    </test> <!-- POC -->
  </suite> <!-- Default Suite -->
</testng-results>
